<?xml version="1.0" encoding="UTF-8"?>
<!-- Generated by org.testng.reporters.JUnitReportReporter -->
<testsuite hostname="LAPTOP-QMGLBV1S" failures="0" tests="1" name="automatation.testcases.SearchPageTest" time="11.716" errors="0" timestamp="19 Jan 2022 04:43:10 GMT" skipped="0">
  <testcase classname="automatation.testcases.SearchPageTest" name="searchPage" time="11.716"/>
</testsuite> <!-- automatation.testcases.SearchPageTest -->
