<?xml version="1.0" encoding="UTF-8"?>
<!-- Generated by org.testng.reporters.JUnitReportReporter -->
<testsuite hostname="LAPTOP-QMGLBV1S" failures="0" tests="3" name="automatation.testcases.CovidSafePuneTest" time="916.268" errors="0" timestamp="11 Feb 2022 16:14:33 GMT" skipped="0">
  <testcase classname="automatation.testcases.CovidSafePuneTest" name="SearchOption" time="0.162"/>
  <testcase classname="automatation.testcases.CovidSafePuneTest" name="PageLoad" time="94.697"/>
  <testcase classname="automatation.testcases.CovidSafePuneTest" name="FullDataLoop" time="821.409"/>
</testsuite> <!-- automatation.testcases.CovidSafePuneTest -->
